<?xml version="1.0" encoding="UTF-8"?>
<!-- Generated by org.testng.reporters.JUnitReportReporter -->
<testsuite hostname="QSP" failures="0" tests="1" name="scripts.FacebookLike" time="78.157" errors="0" timestamp="2021-07-06T09:41:29 IST" skipped="0">
  <testcase classname="scripts.FacebookLike" name="tc2" time="78.157"/>
</testsuite> <!-- scripts.FacebookLike -->
